[0m2021.06.01 22:07:56 INFO  Started: Metals version 0.10.3 in workspace 'E:\GitHub\Edifice\edifice-frontend\edifice-frontend' for client Visual Studio Code 1.56.2.[0m
[0m2021.06.01 22:08:03 INFO  time: initialize in 6.5s[0m
[0m2021.06.01 22:08:03 WARN  Build server is not auto-connectable.[0m
[0m2021.06.01 22:08:03 WARN  no build tool detected in workspace 'E:\GitHub\Edifice\edifice-frontend\edifice-frontend'. The most common cause for this problem is that the editor was opened in the wrong working directory, for example if you use sbt then the workspace directory should contain build.sbt. [0m
[0m2021.06.03 19:55:27 INFO  Started: Metals version 0.10.4 in workspace 'E:\GitHub\Edifice\edifice-frontend\edifice-frontend' for client Visual Studio Code 1.56.2.[0m
[0m2021.06.03 19:55:43 INFO  time: initialize in 15s[0m
[0m2021.06.03 19:55:43 WARN  Build server is not auto-connectable.[0m
[0m2021.06.03 19:55:43 WARN  no build tool detected in workspace 'E:\GitHub\Edifice\edifice-frontend\edifice-frontend'. The most common cause for this problem is that the editor was opened in the wrong working directory, for example if you use sbt then the workspace directory should contain build.sbt. [0m
[0m2021.06.05 23:05:39 INFO  Started: Metals version 0.10.4 in workspace 'E:\GitHub\Edifice\edifice-frontend\edifice-frontend' for client Visual Studio Code 1.56.2.[0m
[0m2021.06.05 23:05:52 INFO  time: initialize in 12s[0m
[0m2021.06.05 23:05:52 WARN  Build server is not auto-connectable.[0m
[0m2021.06.05 23:05:52 WARN  no build tool detected in workspace 'E:\GitHub\Edifice\edifice-frontend\edifice-frontend'. The most common cause for this problem is that the editor was opened in the wrong working directory, for example if you use sbt then the workspace directory should contain build.sbt. [0m
[0m2021.06.08 17:10:35 INFO  Started: Metals version 0.10.4 in workspace 'E:\GitHub\Edifice\edifice-frontend\edifice-frontend' for client Visual Studio Code 1.56.2.[0m
[0m2021.06.08 17:10:47 INFO  time: initialize in 11s[0m
[0m2021.06.08 17:10:47 WARN  Build server is not auto-connectable.[0m
[0m2021.06.08 17:10:47 WARN  no build tool detected in workspace 'E:\GitHub\Edifice\edifice-frontend\edifice-frontend'. The most common cause for this problem is that the editor was opened in the wrong working directory, for example if you use sbt then the workspace directory should contain build.sbt. [0m
[0m2021.06.11 23:23:11 INFO  Started: Metals version 0.10.4 in workspace 'E:\GitHub\Edifice\edifice-frontend\edifice-frontend' for client Visual Studio Code 1.56.2.[0m
[0m2021.06.11 23:23:20 INFO  time: initialize in 9.56s[0m
[0m2021.06.11 23:23:20 WARN  Build server is not auto-connectable.[0m
[0m2021.06.11 23:23:20 WARN  no build tool detected in workspace 'E:\GitHub\Edifice\edifice-frontend\edifice-frontend'. The most common cause for this problem is that the editor was opened in the wrong working directory, for example if you use sbt then the workspace directory should contain build.sbt. [0m
[0m2021.06.12 00:04:25 INFO  shutting down Metals[0m
[0m2021.06.13 22:24:28 INFO  Started: Metals version 0.10.4 in workspace 'E:\GitHub\Edifice\edifice-frontend\edifice-frontend' for client Visual Studio Code 1.57.0.[0m
[0m2021.06.13 22:24:34 INFO  time: initialize in 6.34s[0m
[0m2021.06.13 22:24:34 WARN  Build server is not auto-connectable.[0m
[0m2021.06.13 22:24:34 WARN  no build tool detected in workspace 'E:\GitHub\Edifice\edifice-frontend\edifice-frontend'. The most common cause for this problem is that the editor was opened in the wrong working directory, for example if you use sbt then the workspace directory should contain build.sbt. [0m
[0m2021.06.13 23:19:32 INFO  shutting down Metals[0m
[0m2021.06.14 08:14:24 INFO  Started: Metals version 0.10.4 in workspace 'E:\GitHub\Edifice\edifice-frontend\edifice-frontend' for client Visual Studio Code 1.57.0.[0m
[0m2021.06.14 08:14:35 INFO  time: initialize in 10s[0m
[0m2021.06.14 08:14:35 WARN  Build server is not auto-connectable.[0m
[0m2021.06.14 08:14:35 WARN  no build tool detected in workspace 'E:\GitHub\Edifice\edifice-frontend\edifice-frontend'. The most common cause for this problem is that the editor was opened in the wrong working directory, for example if you use sbt then the workspace directory should contain build.sbt. [0m
[0m2021.06.14 08:15:23 INFO  shutting down Metals[0m
[0m2021.06.14 21:50:54 INFO  Started: Metals version 0.10.4 in workspace 'D:\Academic\3rd year\1st semester\SCS3214 - Group Project\Project\Edifice\edifice-frontend\edifice-frontend' for client Visual Studio Code 1.57.0.[0m
[0m2021.06.14 21:50:58 INFO  time: initialize in 4.29s[0m
[0m2021.06.14 21:50:58 WARN  Build server is not auto-connectable.[0m
[0m2021.06.14 21:50:58 WARN  no build tool detected in workspace 'D:\Academic\3rd year\1st semester\SCS3214 - Group Project\Project\Edifice\edifice-frontend\edifice-frontend'. The most common cause for this problem is that the editor was opened in the wrong working directory, for example if you use sbt then the workspace directory should contain build.sbt. [0m
[0m2021.06.15 09:55:31 INFO  Started: Metals version 0.10.4 in workspace 'D:\Academic\3rd year\1st semester\SCS3214 - Group Project\Project\Edifice\edifice-frontend\edifice-frontend' for client Visual Studio Code 1.57.0.[0m
[0m2021.06.15 09:55:42 INFO  time: initialize in 10s[0m
[0m2021.06.15 09:55:42 WARN  Build server is not auto-connectable.[0m
[0m2021.06.15 09:55:42 WARN  no build tool detected in workspace 'D:\Academic\3rd year\1st semester\SCS3214 - Group Project\Project\Edifice\edifice-frontend\edifice-frontend'. The most common cause for this problem is that the editor was opened in the wrong working directory, for example if you use sbt then the workspace directory should contain build.sbt. [0m
[0m2021.06.28 23:05:48 INFO  Started: Metals version 0.10.4 in workspace 'E:\GitHub\Edifice\edifice-frontend\edifice-frontend' for client Visual Studio Code 1.57.1.[0m
[0m2021.06.28 23:05:59 INFO  time: initialize in 10s[0m
[0m2021.06.28 23:05:59 WARN  Build server is not auto-connectable.[0m
[0m2021.06.28 23:05:59 WARN  no build tool detected in workspace 'E:\GitHub\Edifice\edifice-frontend\edifice-frontend'. The most common cause for this problem is that the editor was opened in the wrong working directory, for example if you use sbt then the workspace directory should contain build.sbt. [0m
